2016/06/06 16:47:41:140628 [DEBUG] Paths Init Finished.
2016/06/06 16:47:41:140703 [DEBUG] Begin to Start Httpd Server...
2016/06/06 16:47:41:140724 [INFO] mnl started
2016/06/06 16:47:41:140878 [DEBUG] thr_args alloc
2016/06/06 16:47:41:140920 [DEBUG] luaL_newstate alloc
2016/06/06 16:47:41:145932 [DEBUG] thr_args alloc
2016/06/06 16:47:41:145967 [DEBUG] luaL_newstate alloc
2016/06/06 16:48:46:845208 [DEBUG] Paths Init Finished.
2016/06/06 16:48:46:845277 [DEBUG] Begin to Start Httpd Server...
2016/06/06 16:48:46:845294 [INFO] mnl started
2016/06/06 16:48:46:845454 [DEBUG] thr_args alloc
2016/06/06 16:48:46:845514 [DEBUG] luaL_newstate alloc
2016/06/06 16:48:46:850513 [DEBUG] thr_args alloc
2016/06/06 16:48:46:850570 [DEBUG] luaL_newstate alloc
2016/06/06 16:49:38:198024 [DEBUG] Paths Init Finished.
2016/06/06 16:49:38:198107 [DEBUG] Begin to Start Httpd Server...
2016/06/06 16:49:38:198129 [INFO] mnl started
2016/06/06 16:49:38:198316 [DEBUG] thr_args alloc
2016/06/06 16:49:38:198362 [DEBUG] luaL_newstate alloc
2016/06/06 16:49:38:203493 [DEBUG] thr_args alloc
2016/06/06 16:49:38:203558 [DEBUG] luaL_newstate alloc
2016/06/06 16:50:58:268324 [DEBUG] Method: 0
2016/06/06 16:50:58:268408 [DEBUG] Request Method Not Support.
2016/06/06 16:50:58:268447 [DEBUG] post_error_list[2]: Request method error.
2016/06/06 16:50:58:268494 [DEBUG] ret_str_unformat: {"ret":false,"error":{"code":2,"message":"Request method error."}}
2016/06/06 16:50:58:268546 [DEBUG] ============_img_del() ERROR!===============
2016/06/06 16:51:19:445722 [DEBUG] Paths Init Finished.
2016/06/06 16:51:19:445917 [DEBUG] Begin to Start Httpd Server...
2016/06/06 16:51:19:445978 [INFO] mnl started
2016/06/06 16:51:19:446233 [DEBUG] thr_args alloc
2016/06/06 16:51:19:446320 [DEBUG] luaL_newstate alloc
2016/06/06 16:51:19:451379 [DEBUG] thr_args alloc
2016/06/06 16:51:19:451491 [DEBUG] luaL_newstate alloc
2016/06/06 16:51:25:148629 [DEBUG] Method: 0
2016/06/06 16:51:25:148699 [DEBUG] Request Method Not Support.
2016/06/06 16:51:25:148732 [DEBUG] post_error_list[2]: Request method error.
2016/06/06 16:51:25:148772 [DEBUG] ret_str_unformat: {"ret":false,"error":{"code":2,"message":"Request method error."}}
2016/06/06 16:51:25:148812 [DEBUG] ============_img_del() ERROR!===============
2016/06/06 16:53:15:504998 [DEBUG] Paths Init Finished.
2016/06/06 16:53:15:505085 [DEBUG] Begin to Start Httpd Server...
2016/06/06 16:53:15:505107 [INFO] mnl started
2016/06/06 16:53:15:505305 [DEBUG] thr_args alloc
2016/06/06 16:53:15:505364 [DEBUG] luaL_newstate alloc
2016/06/06 16:53:15:510375 [DEBUG] thr_args alloc
2016/06/06 16:53:15:510437 [DEBUG] luaL_newstate alloc
2016/06/06 17:59:44:757119 [DEBUG] Paths Init Finished.
2016/06/06 17:59:44:757278 [DEBUG] Begin to Start Httpd Server...
2016/06/06 17:59:44:757324 [INFO] mnl started
2016/06/06 17:59:44:757743 [DEBUG] thr_args alloc
2016/06/06 17:59:44:757863 [DEBUG] luaL_newstate alloc
2016/06/06 17:59:44:763102 [DEBUG] thr_args alloc
2016/06/06 17:59:44:763202 [DEBUG] luaL_newstate alloc
2016/06/06 17:59:56:357056 [DEBUG] Method: 0
2016/06/06 17:59:56:357127 [DEBUG] Request Method Not Support.
2016/06/06 17:59:56:357152 [DEBUG] post_error_list[2]: Request method error.
2016/06/06 17:59:56:357184 [DEBUG] ret_str_unformat: {"ret":false,"error":{"code":2,"message":"Request method error."}}
2016/06/06 17:59:56:357217 [DEBUG] ============_img_del() ERROR!===============
2016/06/06 18:03:11:255260 [DEBUG] Paths Init Finished.
2016/06/06 18:03:11:255330 [DEBUG] Begin to Start Httpd Server...
2016/06/06 18:03:11:255347 [INFO] mnl started
2016/06/06 18:03:11:255553 [DEBUG] thr_args alloc
2016/06/06 18:03:11:255604 [DEBUG] luaL_newstate alloc
2016/06/06 18:03:11:260592 [DEBUG] thr_args alloc
2016/06/06 18:03:11:260633 [DEBUG] luaL_newstate alloc
2016/06/06 18:03:20:479431 [DEBUG] Method: 0
2016/06/06 18:03:20:479533 [DEBUG] Request Method Not Support.
2016/06/06 18:03:20:479567 [DEBUG] post_error_list[2]: Request method error.
2016/06/06 18:03:20:479630 [DEBUG] ret_str_unformat: {"ret":false,"error":{"code":2,"message":"Request method error."}}
2016/06/06 18:03:20:479672 [DEBUG] h1
2016/06/06 18:03:20:479691 [DEBUG] h2
2016/06/06 18:03:20:479730 [DEBUG] ============_img_del() ERROR!===============
2016/06/06 18:06:29:041630 [DEBUG] Paths Init Finished.
2016/06/06 18:06:29:041704 [DEBUG] Begin to Start Httpd Server...
2016/06/06 18:06:29:041732 [INFO] mnl started
2016/06/06 18:06:29:041910 [DEBUG] thr_args alloc
2016/06/06 18:06:29:041960 [DEBUG] luaL_newstate alloc
2016/06/06 18:06:29:046965 [DEBUG] thr_args alloc
2016/06/06 18:06:29:047015 [DEBUG] luaL_newstate alloc
2016/06/06 18:06:33:602477 [DEBUG] Method: 0
2016/06/06 18:06:33:602589 [DEBUG] Request Method Not Support.
2016/06/06 18:06:33:602637 [DEBUG] post_error_list[2]: Request method error.
2016/06/06 18:06:33:602690 [DEBUG] ret_str_unformat: {"ret":false,"error":{"code":2,"message":"Request method error."}}
2016/06/06 18:06:33:602754 [DEBUG] ============test ERROR!===============
2016/06/06 18:08:02:634485 [DEBUG] Paths Init Finished.
2016/06/06 18:08:02:634560 [DEBUG] Begin to Start Httpd Server...
2016/06/06 18:08:02:634578 [INFO] mnl started
2016/06/06 18:08:02:634767 [DEBUG] thr_args alloc
2016/06/06 18:08:02:634818 [DEBUG] luaL_newstate alloc
2016/06/06 18:08:02:639812 [DEBUG] thr_args alloc
2016/06/06 18:08:02:639846 [DEBUG] luaL_newstate alloc
2016/06/06 18:08:07:659296 [DEBUG] Method: 0
2016/06/06 18:08:07:659387 [DEBUG] Request Method Not Support.
2016/06/06 18:08:07:659448 [DEBUG] post_error_list[2]: Request method error.
2016/06/06 18:08:07:659529 [DEBUG] ret_str_unformat: {"ret":false,"error":{"code":2,"message":"Request method error."}}
2016/06/06 18:08:07:659629 [DEBUG] ============test ERROR!===============
2016/06/06 18:08:07:659681 [DEBUG] h1!
2016/06/06 18:08:07:659710 [DEBUG] h2!
2016/06/06 18:09:12:107434 [DEBUG] Paths Init Finished.
2016/06/06 18:09:12:107510 [DEBUG] Begin to Start Httpd Server...
2016/06/06 18:09:12:107529 [INFO] mnl started
2016/06/06 18:09:12:107713 [DEBUG] thr_args alloc
2016/06/06 18:09:12:107765 [DEBUG] luaL_newstate alloc
2016/06/06 18:09:12:112769 [DEBUG] thr_args alloc
2016/06/06 18:09:12:112810 [DEBUG] luaL_newstate alloc
2016/06/06 18:09:17:315582 [DEBUG] Method: 0
2016/06/06 18:09:17:315657 [DEBUG] Request Method Not Support.
2016/06/06 18:09:17:315683 [DEBUG] post_error_list[2]: Request method error.
2016/06/06 18:09:17:315713 [DEBUG] ret_str_unformat: {"ret":false,"error":{"code":2,"message":"Request method error."}}
2016/06/06 18:09:17:315751 [DEBUG] ============test ERROR!===============
2016/06/06 18:09:17:315769 [DEBUG] h1!
2016/06/06 18:09:17:315784 [DEBUG] h2!
2016/06/06 18:09:17:315799 [DEBUG] h4!
2016/06/06 18:09:22:803749 [DEBUG] Method: 0
2016/06/06 18:09:22:803819 [DEBUG] Request Method Not Support.
2016/06/06 18:09:22:803845 [DEBUG] post_error_list[2]: Request method error.
2016/06/06 18:09:22:803871 [DEBUG] ret_str_unformat: {"ret":false,"error":{"code":2,"message":"Request method error."}}
2016/06/06 18:09:22:803901 [DEBUG] ============test ERROR!===============
2016/06/06 18:09:22:803919 [DEBUG] h1!
2016/06/06 18:09:22:803934 [DEBUG] h2!
2016/06/06 18:09:22:803949 [DEBUG] h4!
2016/06/06 18:09:23:563686 [DEBUG] Method: 0
2016/06/06 18:09:23:563764 [DEBUG] Request Method Not Support.
2016/06/06 18:09:23:563789 [DEBUG] post_error_list[2]: Request method error.
2016/06/06 18:09:23:563812 [DEBUG] ret_str_unformat: {"ret":false,"error":{"code":2,"message":"Request method error."}}
2016/06/06 18:09:23:563841 [DEBUG] ============test ERROR!===============
2016/06/06 18:09:23:563858 [DEBUG] h1!
2016/06/06 18:09:23:563874 [DEBUG] h2!
2016/06/06 18:09:23:563890 [DEBUG] h4!
2016/06/06 18:11:50:302008 [DEBUG] Paths Init Finished.
2016/06/06 18:11:50:302087 [DEBUG] Begin to Start Httpd Server...
2016/06/06 18:11:50:302107 [INFO] mnl started
2016/06/06 18:11:50:302294 [DEBUG] thr_args alloc
2016/06/06 18:11:50:302339 [DEBUG] luaL_newstate alloc
2016/06/06 18:11:50:307357 [DEBUG] thr_args alloc
2016/06/06 18:11:50:307405 [DEBUG] luaL_newstate alloc
2016/06/06 18:11:53:861918 [DEBUG] Method: 0
2016/06/06 18:11:53:861993 [DEBUG] Request Method Not Support.
2016/06/06 18:11:53:862029 [DEBUG] post_error_list[2]: Request method error.
2016/06/06 18:11:53:862060 [DEBUG] ret_str_unformat: {"ret":false,"error":{"code":2,"message":"Request method error."}}
2016/06/06 18:11:53:862097 [DEBUG] ============test ERROR!===============
2016/06/06 18:11:53:862137 [DEBUG] h1!
2016/06/06 18:11:53:862152 [DEBUG] h2!
2016/06/06 18:15:52:888138 [DEBUG] Paths Init Finished.
2016/06/06 18:15:52:888221 [DEBUG] Begin to Start Httpd Server...
2016/06/06 18:15:52:888255 [INFO] mnl started
2016/06/06 18:15:52:888445 [DEBUG] thr_args alloc
2016/06/06 18:15:52:888491 [DEBUG] luaL_newstate alloc
2016/06/06 18:15:52:893526 [DEBUG] thr_args alloc
2016/06/06 18:15:52:893581 [DEBUG] luaL_newstate alloc
2016/06/06 18:15:58:816085 [DEBUG] Method: 0
2016/06/06 18:15:58:816158 [DEBUG] Request Method Not Support.
2016/06/06 18:15:58:816182 [DEBUG] post_error_list[2]: Request method error.
2016/06/06 18:15:58:816211 [DEBUG] ret_str_unformat: {"ret":false,"error":{"code":2,"message":"Request method error."}}
2016/06/06 18:15:58:816247 [DEBUG] ============test ERROR!===============
2016/06/06 18:15:59:663100 [DEBUG] Method: 0
2016/06/06 18:15:59:663189 [DEBUG] Request Method Not Support.
2016/06/06 18:15:59:663215 [DEBUG] post_error_list[2]: Request method error.
2016/06/06 18:15:59:663240 [DEBUG] ret_str_unformat: {"ret":false,"error":{"code":2,"message":"Request method error."}}
2016/06/06 18:15:59:663268 [DEBUG] ============test ERROR!===============
2016/06/06 18:21:04:955282 [DEBUG] Paths Init Finished.
2016/06/06 18:21:04:955354 [DEBUG] Begin to Start Httpd Server...
2016/06/06 18:21:04:955371 [INFO] mnl started
2016/06/06 18:21:04:955553 [DEBUG] thr_args alloc
2016/06/06 18:21:04:955595 [DEBUG] luaL_newstate alloc
2016/06/06 18:21:04:960730 [DEBUG] thr_args alloc
2016/06/06 18:21:04:960773 [DEBUG] luaL_newstate alloc
2016/06/06 18:21:13:819865 [DEBUG] Method: 0
2016/06/06 18:21:13:819948 [DEBUG] Request Method Not Support.
2016/06/06 18:21:13:819973 [DEBUG] post_error_list[2]: Request method error.
2016/06/06 18:21:13:820000 [DEBUG] ret_str_unformat: {"ret":false,"error":{"code":2,"message":"Request method error."}}
2016/06/06 18:21:13:820036 [DEBUG] ============test ERROR!===============
2016/06/06 18:21:14:523662 [DEBUG] Method: 0
2016/06/06 18:21:14:523740 [DEBUG] Request Method Not Support.
2016/06/06 18:21:14:523762 [DEBUG] post_error_list[2]: Request method error.
2016/06/06 18:21:14:523792 [DEBUG] ret_str_unformat: {"ret":false,"error":{"code":2,"message":"Request method error."}}
2016/06/06 18:21:14:523852 [DEBUG] ============test ERROR!===============
2016/06/06 18:44:05:783910 [DEBUG] Method: 2
2016/06/06 18:44:05:783984 [DEBUG] rules: 0x22204c0
2016/06/06 18:44:05:784004 [DEBUG] addr: 0
2016/06/06 18:44:05:784020 [DEBUG] rules->value->addr: 1862379712
2016/06/06 18:44:05:784061 [DEBUG] rules->value->mask: -1
2016/06/06 18:44:05:784095 [DEBUG] addr: 0
2016/06/06 18:44:05:784128 [DEBUG] rules->value->addr: 764096
2016/06/06 18:44:05:784162 [DEBUG] rules->value->mask: 16777215
2016/06/06 18:44:05:784209 [DEBUG] addr: 0
2016/06/06 18:44:05:784230 [DEBUG] rules->value->addr: 0
2016/06/06 18:44:05:784275 [DEBUG] rules->value->mask: -1
2016/06/06 18:44:05:784311 [DEBUG] access check: 0
2016/06/06 18:44:05:784352 [DEBUG] evblen = 79
2016/06/06 18:44:05:784380 [DEBUG] rmblen = 79
2016/06/06 18:45:43:292741 [DEBUG] Paths Init Finished.
2016/06/06 18:45:43:292812 [DEBUG] Begin to Start Httpd Server...
2016/06/06 18:45:43:292830 [INFO] mnl started
2016/06/06 18:45:43:293028 [DEBUG] thr_args alloc
2016/06/06 18:45:43:293077 [DEBUG] luaL_newstate alloc
2016/06/06 18:45:43:298104 [DEBUG] thr_args alloc
2016/06/06 18:45:43:298153 [DEBUG] luaL_newstate alloc
2016/06/06 18:45:48:764708 [DEBUG] Method: 0
2016/06/06 18:45:48:764795 [DEBUG] Request Method Not Support.
2016/06/06 18:45:48:764854 [DEBUG] post_error_list[2]: Request method error.
2016/06/06 18:45:48:764920 [DEBUG] ret_str_unformat: {"ret":false,"error":{"code":2,"message":"Request method error."}}
2016/06/06 18:45:48:764990 [DEBUG] ============test ERROR!===============
2016/06/06 18:45:53:859840 [DEBUG] Method: 2
2016/06/06 18:45:53:859910 [DEBUG] rules: 0x15b24c0
2016/06/06 18:45:53:859934 [DEBUG] addr: 0
2016/06/06 18:45:53:859962 [DEBUG] rules->value->addr: 1862379712
2016/06/06 18:45:53:859979 [DEBUG] rules->value->mask: -1
2016/06/06 18:45:53:859996 [DEBUG] addr: 0
2016/06/06 18:45:53:860012 [DEBUG] rules->value->addr: 764096
2016/06/06 18:45:53:860027 [DEBUG] rules->value->mask: 16777215
2016/06/06 18:45:53:860053 [DEBUG] addr: 0
2016/06/06 18:45:53:860068 [DEBUG] rules->value->addr: 0
2016/06/06 18:45:53:860082 [DEBUG] rules->value->mask: -1
2016/06/06 18:45:53:860096 [DEBUG] access check: 0
2016/06/06 18:45:53:860113 [DEBUG] evblen = 79
2016/06/06 18:45:53:860131 [DEBUG] rmblen = 79
2016/06/06 18:45:53:860152 [DEBUG] h1
2016/06/06 18:47:28:917511 [DEBUG] Paths Init Finished.
2016/06/06 18:47:28:917587 [DEBUG] Begin to Start Httpd Server...
2016/06/06 18:47:28:917615 [INFO] mnl started
2016/06/06 18:47:28:917791 [DEBUG] thr_args alloc
2016/06/06 18:47:28:917841 [DEBUG] luaL_newstate alloc
2016/06/06 18:47:28:922862 [DEBUG] thr_args alloc
2016/06/06 18:47:28:922908 [DEBUG] luaL_newstate alloc
2016/06/06 18:47:34:509356 [DEBUG] Method: 0
2016/06/06 18:47:34:509439 [DEBUG] Request Method Not Support.
2016/06/06 18:47:34:509486 [DEBUG] post_error_list[2]: Request method error.
2016/06/06 18:47:34:509563 [DEBUG] ret_str_unformat: {"ret":false,"error":{"code":2,"message":"Request method error."}}
2016/06/06 18:47:34:509637 [DEBUG] ============test ERROR!===============
2016/06/06 18:47:38:131955 [DEBUG] Method: 2
2016/06/06 18:47:38:132029 [DEBUG] rules: 0x1fb44c0
2016/06/06 18:47:38:132048 [DEBUG] addr: 0
2016/06/06 18:47:38:132074 [DEBUG] rules->value->addr: 1862379712
2016/06/06 18:47:38:132095 [DEBUG] rules->value->mask: -1
2016/06/06 18:47:38:132117 [DEBUG] addr: 0
2016/06/06 18:47:38:132143 [DEBUG] rules->value->addr: 764096
2016/06/06 18:47:38:132169 [DEBUG] rules->value->mask: 16777215
2016/06/06 18:47:38:132186 [DEBUG] addr: 0
2016/06/06 18:47:38:132200 [DEBUG] rules->value->addr: 0
2016/06/06 18:47:38:132220 [DEBUG] rules->value->mask: -1
2016/06/06 18:47:38:132246 [DEBUG] access check: 0
2016/06/06 18:47:38:132266 [DEBUG] evblen = 79
2016/06/06 18:47:38:132291 [DEBUG] rmblen = 79
2016/06/06 18:47:38:132320 [DEBUG] h1:(null), -1
2016/06/06 18:59:29:918045 [DEBUG] Paths Init Finished.
2016/06/06 18:59:29:918130 [DEBUG] Begin to Start Httpd Server...
2016/06/06 18:59:29:918149 [INFO] mnl started
2016/06/06 18:59:29:918319 [DEBUG] thr_args alloc
2016/06/06 18:59:29:918367 [DEBUG] luaL_newstate alloc
2016/06/06 18:59:29:923380 [DEBUG] thr_args alloc
2016/06/06 18:59:29:923428 [DEBUG] luaL_newstate alloc
2016/06/06 18:59:42:941884 [DEBUG] Method: 0
2016/06/06 18:59:42:941960 [DEBUG] Request Method Not Support.
2016/06/06 18:59:42:942015 [DEBUG] post_error_list[2]: Request method error.
2016/06/06 18:59:42:942054 [DEBUG] ret_str_unformat: {"ret":false,"error":{"code":2,"message":"Request method error."}}
2016/06/06 18:59:42:942096 [DEBUG] ============test ERROR!===============
2016/06/06 19:00:06:581968 [DEBUG] Method: 2
2016/06/06 19:00:06:582053 [DEBUG] rules: 0x68f4c0
2016/06/06 19:00:06:582104 [DEBUG] addr: 0
2016/06/06 19:00:06:582130 [DEBUG] rules->value->addr: 1862379712
2016/06/06 19:00:06:582176 [DEBUG] rules->value->mask: -1
2016/06/06 19:00:06:582200 [DEBUG] addr: 0
2016/06/06 19:00:06:582223 [DEBUG] rules->value->addr: 764096
2016/06/06 19:00:06:582247 [DEBUG] rules->value->mask: 16777215
2016/06/06 19:00:06:582270 [DEBUG] addr: 0
2016/06/06 19:00:06:582293 [DEBUG] rules->value->addr: 0
2016/06/06 19:00:06:582336 [DEBUG] rules->value->mask: -1
2016/06/06 19:00:06:582358 [DEBUG] access check: 0
2016/06/06 19:00:06:582384 [DEBUG] evblen = 79
2016/06/06 19:00:06:582410 [DEBUG] rmblen = 79
2016/06/06 19:00:06:582438 [DEBUG] h1:(null), 54f1d4fdfa470264890adaf27ea1c82a-----54f1d4fdfa470264890adaf27ea1c82a, 32
2016/06/06 19:00:06:582460 [DEBUG] h1:(null), -1
2016/06/06 19:02:47:960326 [DEBUG] Paths Init Finished.
2016/06/06 19:02:47:960405 [DEBUG] Begin to Start Httpd Server...
2016/06/06 19:02:47:960433 [INFO] mnl started
2016/06/06 19:02:47:960609 [DEBUG] thr_args alloc
2016/06/06 19:02:47:960655 [DEBUG] luaL_newstate alloc
2016/06/06 19:02:47:965694 [DEBUG] thr_args alloc
2016/06/06 19:02:47:965740 [DEBUG] luaL_newstate alloc
2016/06/06 19:02:52:171549 [DEBUG] Method: 2
2016/06/06 19:02:52:171623 [DEBUG] rules: 0x23394c0
2016/06/06 19:02:52:171643 [DEBUG] addr: 0
2016/06/06 19:02:52:171669 [DEBUG] rules->value->addr: 1862379712
2016/06/06 19:02:52:171696 [DEBUG] rules->value->mask: -1
2016/06/06 19:02:52:171712 [DEBUG] addr: 0
2016/06/06 19:02:52:171727 [DEBUG] rules->value->addr: 764096
2016/06/06 19:02:52:171741 [DEBUG] rules->value->mask: 16777215
2016/06/06 19:02:52:171755 [DEBUG] addr: 0
2016/06/06 19:02:52:171770 [DEBUG] rules->value->addr: 0
2016/06/06 19:02:52:171785 [DEBUG] rules->value->mask: -1
2016/06/06 19:02:52:171799 [DEBUG] access check: 0
2016/06/06 19:02:52:171815 [DEBUG] evblen = 79
2016/06/06 19:02:52:171832 [DEBUG] rmblen = 79
2016/06/06 19:02:52:171856 [DEBUG] h1:54f1d4fdfa470264890adaf27ea1c82a, 54f1d4fdfa470264890adaf27ea1c82a-----54f1d4fdfa470264890adaf27ea1c82a, 32
2016/06/06 19:02:52:171872 [DEBUG] h1:54f1d4fdfa470264890adaf27ea1c82a, -1
2016/06/06 19:02:52:171891 [DEBUG] ret_str_unformat: {"ret":true,"info":{"md5":"54f1d4fdfa470264890adaf27ea1c82a"}}
2016/06/06 19:02:52:171911 [DEBUG] h2
2016/06/06 19:02:52:171940 [DEBUG] ============test DONE!===============
2016/06/06 19:02:52:171957 [DEBUG] h3
2016/06/06 19:03:47:429287 [DEBUG] Method: 2
2016/06/06 19:03:47:429356 [DEBUG] rules: 0x23394c0
2016/06/06 19:03:47:429408 [DEBUG] addr: 0
2016/06/06 19:03:47:429433 [DEBUG] rules->value->addr: 1862379712
2016/06/06 19:03:47:429457 [DEBUG] rules->value->mask: -1
2016/06/06 19:03:47:429481 [DEBUG] addr: 0
2016/06/06 19:03:47:429525 [DEBUG] rules->value->addr: 764096
2016/06/06 19:03:47:429562 [DEBUG] rules->value->mask: 16777215
2016/06/06 19:03:47:429584 [DEBUG] addr: 0
2016/06/06 19:03:47:429606 [DEBUG] rules->value->addr: 0
2016/06/06 19:03:47:429628 [DEBUG] rules->value->mask: -1
2016/06/06 19:03:47:429650 [DEBUG] access check: 0
2016/06/06 19:03:47:429673 [DEBUG] evblen = 79
2016/06/06 19:03:47:429696 [DEBUG] rmblen = 79
2016/06/06 19:03:47:429722 [DEBUG] h1:54f1d4fdfa470264890adaf27ea1c82a, 54f1d4fdfa470264890adaf27ea1c82a-----54f1d4fdfa470264890adaf27ea1c82a, 32
2016/06/06 19:03:47:429743 [DEBUG] h1:54f1d4fdfa470264890adaf27ea1c82a, -1
2016/06/06 19:03:47:429770 [DEBUG] ret_str_unformat: {"ret":true,"info":{"md5":"54f1d4fdfa470264890adaf27ea1c82a"}}
2016/06/06 19:03:47:429795 [DEBUG] h2
2016/06/06 19:03:47:429828 [DEBUG] ============test DONE!===============
2016/06/06 19:03:47:429850 [DEBUG] h3
2016/06/06 19:03:48:061099 [DEBUG] Method: 2
2016/06/06 19:03:48:061192 [DEBUG] rules: 0x23394c0
2016/06/06 19:03:48:061214 [DEBUG] addr: 0
2016/06/06 19:03:48:061231 [DEBUG] rules->value->addr: 1862379712
2016/06/06 19:03:48:061247 [DEBUG] rules->value->mask: -1
2016/06/06 19:03:48:061262 [DEBUG] addr: 0
2016/06/06 19:03:48:061278 [DEBUG] rules->value->addr: 764096
2016/06/06 19:03:48:061294 [DEBUG] rules->value->mask: 16777215
2016/06/06 19:03:48:061308 [DEBUG] addr: 0
2016/06/06 19:03:48:061325 [DEBUG] rules->value->addr: 0
2016/06/06 19:03:48:061340 [DEBUG] rules->value->mask: -1
2016/06/06 19:03:48:061355 [DEBUG] access check: 0
2016/06/06 19:03:48:061370 [DEBUG] evblen = 79
2016/06/06 19:03:48:061387 [DEBUG] rmblen = 79
2016/06/06 19:03:48:061407 [DEBUG] h1:54f1d4fdfa470264890adaf27ea1c82a, 54f1d4fdfa470264890adaf27ea1c82a-----54f1d4fdfa470264890adaf27ea1c82a, 32
2016/06/06 19:03:48:061424 [DEBUG] h1:54f1d4fdfa470264890adaf27ea1c82a, -1
2016/06/06 19:03:48:061442 [DEBUG] ret_str_unformat: {"ret":true,"info":{"md5":"54f1d4fdfa470264890adaf27ea1c82a"}}
2016/06/06 19:03:48:061483 [DEBUG] h2
2016/06/06 19:03:48:061515 [DEBUG] ============test DONE!===============
2016/06/06 19:03:48:061534 [DEBUG] h3
2016/06/06 19:03:48:477807 [DEBUG] Method: 2
2016/06/06 19:03:48:477882 [DEBUG] rules: 0x23394c0
2016/06/06 19:03:48:477903 [DEBUG] addr: 0
2016/06/06 19:03:48:477939 [DEBUG] rules->value->addr: 1862379712
2016/06/06 19:03:48:477957 [DEBUG] rules->value->mask: -1
2016/06/06 19:03:48:477973 [DEBUG] addr: 0
2016/06/06 19:03:48:477989 [DEBUG] rules->value->addr: 764096
2016/06/06 19:03:48:478005 [DEBUG] rules->value->mask: 16777215
2016/06/06 19:03:48:478020 [DEBUG] addr: 0
2016/06/06 19:03:48:478036 [DEBUG] rules->value->addr: 0
2016/06/06 19:03:48:478051 [DEBUG] rules->value->mask: -1
2016/06/06 19:03:48:478067 [DEBUG] access check: 0
2016/06/06 19:03:48:478084 [DEBUG] evblen = 79
2016/06/06 19:03:48:478100 [DEBUG] rmblen = 79
2016/06/06 19:03:48:478119 [DEBUG] h1:54f1d4fdfa470264890adaf27ea1c82a, 54f1d4fdfa470264890adaf27ea1c82a-----54f1d4fdfa470264890adaf27ea1c82a, 32
2016/06/06 19:03:48:478135 [DEBUG] h1:54f1d4fdfa470264890adaf27ea1c82a, -1
2016/06/06 19:03:48:478154 [DEBUG] ret_str_unformat: {"ret":true,"info":{"md5":"54f1d4fdfa470264890adaf27ea1c82a"}}
2016/06/06 19:03:48:478173 [DEBUG] h2
2016/06/06 19:03:48:478196 [DEBUG] ============test DONE!===============
2016/06/06 19:03:48:478214 [DEBUG] h3
2016/06/06 19:03:48:804433 [DEBUG] Method: 2
2016/06/06 19:03:48:804495 [DEBUG] rules: 0x23394c0
2016/06/06 19:03:48:804525 [DEBUG] addr: 0
2016/06/06 19:03:48:804541 [DEBUG] rules->value->addr: 1862379712
2016/06/06 19:03:48:804559 [DEBUG] rules->value->mask: -1
2016/06/06 19:03:48:804574 [DEBUG] addr: 0
2016/06/06 19:03:48:804589 [DEBUG] rules->value->addr: 764096
2016/06/06 19:03:48:804602 [DEBUG] rules->value->mask: 16777215
2016/06/06 19:03:48:804616 [DEBUG] addr: 0
2016/06/06 19:03:48:804630 [DEBUG] rules->value->addr: 0
2016/06/06 19:03:48:804644 [DEBUG] rules->value->mask: -1
2016/06/06 19:03:48:804657 [DEBUG] access check: 0
2016/06/06 19:03:48:804673 [DEBUG] evblen = 79
2016/06/06 19:03:48:804689 [DEBUG] rmblen = 79
2016/06/06 19:03:48:804708 [DEBUG] h1:54f1d4fdfa470264890adaf27ea1c82a, 54f1d4fdfa470264890adaf27ea1c82a-----54f1d4fdfa470264890adaf27ea1c82a, 32
2016/06/06 19:03:48:804722 [DEBUG] h1:54f1d4fdfa470264890adaf27ea1c82a, -1
2016/06/06 19:03:48:804742 [DEBUG] ret_str_unformat: {"ret":true,"info":{"md5":"54f1d4fdfa470264890adaf27ea1c82a"}}
2016/06/06 19:03:48:804760 [DEBUG] h2
2016/06/06 19:03:48:804783 [DEBUG] ============test DONE!===============
2016/06/06 19:03:48:804799 [DEBUG] h3
2016/06/06 19:03:49:084829 [DEBUG] Method: 2
2016/06/06 19:03:49:084900 [DEBUG] rules: 0x23394c0
2016/06/06 19:03:49:084927 [DEBUG] addr: 0
2016/06/06 19:03:49:084948 [DEBUG] rules->value->addr: 1862379712
2016/06/06 19:03:49:084977 [DEBUG] rules->value->mask: -1
2016/06/06 19:03:49:084993 [DEBUG] addr: 0
2016/06/06 19:03:49:085008 [DEBUG] rules->value->addr: 764096
2016/06/06 19:03:49:085023 [DEBUG] rules->value->mask: 16777215
2016/06/06 19:03:49:085036 [DEBUG] addr: 0
2016/06/06 19:03:49:085051 [DEBUG] rules->value->addr: 0
2016/06/06 19:03:49:085065 [DEBUG] rules->value->mask: -1
2016/06/06 19:03:49:085079 [DEBUG] access check: 0
2016/06/06 19:03:49:085096 [DEBUG] evblen = 79
2016/06/06 19:03:49:085112 [DEBUG] rmblen = 79
2016/06/06 19:03:49:085132 [DEBUG] h1:54f1d4fdfa470264890adaf27ea1c82a, 54f1d4fdfa470264890adaf27ea1c82a-----54f1d4fdfa470264890adaf27ea1c82a, 32
2016/06/06 19:03:49:085147 [DEBUG] h1:54f1d4fdfa470264890adaf27ea1c82a, -1
2016/06/06 19:03:49:085167 [DEBUG] ret_str_unformat: {"ret":true,"info":{"md5":"54f1d4fdfa470264890adaf27ea1c82a"}}
2016/06/06 19:03:49:085185 [DEBUG] h2
2016/06/06 19:03:49:085208 [DEBUG] ============test DONE!===============
2016/06/06 19:03:49:085225 [DEBUG] h3
2016/06/06 19:03:49:404675 [DEBUG] Method: 2
2016/06/06 19:03:49:404741 [DEBUG] rules: 0x23394c0
2016/06/06 19:03:49:404763 [DEBUG] addr: 0
2016/06/06 19:03:49:404779 [DEBUG] rules->value->addr: 1862379712
2016/06/06 19:03:49:404796 [DEBUG] rules->value->mask: -1
2016/06/06 19:03:49:404812 [DEBUG] addr: 0
2016/06/06 19:03:49:404827 [DEBUG] rules->value->addr: 764096
2016/06/06 19:03:49:404842 [DEBUG] rules->value->mask: 16777215
2016/06/06 19:03:49:404858 [DEBUG] addr: 0
2016/06/06 19:03:49:404874 [DEBUG] rules->value->addr: 0
2016/06/06 19:03:49:404890 [DEBUG] rules->value->mask: -1
2016/06/06 19:03:49:404913 [DEBUG] access check: 0
2016/06/06 19:03:49:404930 [DEBUG] evblen = 79
2016/06/06 19:03:49:404945 [DEBUG] rmblen = 79
2016/06/06 19:03:49:404965 [DEBUG] h1:54f1d4fdfa470264890adaf27ea1c82a, 54f1d4fdfa470264890adaf27ea1c82a-----54f1d4fdfa470264890adaf27ea1c82a, 32
2016/06/06 19:03:49:404980 [DEBUG] h1:54f1d4fdfa470264890adaf27ea1c82a, -1
2016/06/06 19:03:49:404999 [DEBUG] ret_str_unformat: {"ret":true,"info":{"md5":"54f1d4fdfa470264890adaf27ea1c82a"}}
2016/06/06 19:03:49:405018 [DEBUG] h2
2016/06/06 19:03:49:405042 [DEBUG] ============test DONE!===============
2016/06/06 19:03:49:405059 [DEBUG] h3
2016/06/06 19:03:49:764600 [DEBUG] Method: 2
2016/06/06 19:03:49:764694 [DEBUG] rules: 0x23394c0
2016/06/06 19:03:49:764713 [DEBUG] addr: 0
2016/06/06 19:03:49:764739 [DEBUG] rules->value->addr: 1862379712
2016/06/06 19:03:49:764766 [DEBUG] rules->value->mask: -1
2016/06/06 19:03:49:764780 [DEBUG] addr: 0
2016/06/06 19:03:49:764794 [DEBUG] rules->value->addr: 764096
2016/06/06 19:03:49:764808 [DEBUG] rules->value->mask: 16777215
2016/06/06 19:03:49:764823 [DEBUG] addr: 0
2016/06/06 19:03:49:764837 [DEBUG] rules->value->addr: 0
2016/06/06 19:03:49:764851 [DEBUG] rules->value->mask: -1
2016/06/06 19:03:49:764865 [DEBUG] access check: 0
2016/06/06 19:03:49:764880 [DEBUG] evblen = 79
2016/06/06 19:03:49:764896 [DEBUG] rmblen = 79
2016/06/06 19:03:49:764915 [DEBUG] h1:54f1d4fdfa470264890adaf27ea1c82a, 54f1d4fdfa470264890adaf27ea1c82a-----54f1d4fdfa470264890adaf27ea1c82a, 32
2016/06/06 19:03:49:764929 [DEBUG] h1:54f1d4fdfa470264890adaf27ea1c82a, -1
2016/06/06 19:03:49:764948 [DEBUG] ret_str_unformat: {"ret":true,"info":{"md5":"54f1d4fdfa470264890adaf27ea1c82a"}}
2016/06/06 19:03:49:764977 [DEBUG] h2
2016/06/06 19:03:49:765023 [DEBUG] ============test DONE!===============
2016/06/06 19:03:49:765052 [DEBUG] h3
2016/06/06 19:03:50:148578 [DEBUG] Method: 2
2016/06/06 19:03:50:148659 [DEBUG] rules: 0x23394c0
2016/06/06 19:03:50:148688 [DEBUG] addr: 0
2016/06/06 19:03:50:148713 [DEBUG] rules->value->addr: 1862379712
2016/06/06 19:03:50:148739 [DEBUG] rules->value->mask: -1
2016/06/06 19:03:50:148754 [DEBUG] addr: 0
2016/06/06 19:03:50:148767 [DEBUG] rules->value->addr: 764096
2016/06/06 19:03:50:148782 [DEBUG] rules->value->mask: 16777215
2016/06/06 19:03:50:148796 [DEBUG] addr: 0
2016/06/06 19:03:50:148810 [DEBUG] rules->value->addr: 0
2016/06/06 19:03:50:148825 [DEBUG] rules->value->mask: -1
2016/06/06 19:03:50:148839 [DEBUG] access check: 0
2016/06/06 19:03:50:148855 [DEBUG] evblen = 79
2016/06/06 19:03:50:148872 [DEBUG] rmblen = 79
2016/06/06 19:03:50:148891 [DEBUG] h1:54f1d4fdfa470264890adaf27ea1c82a, 54f1d4fdfa470264890adaf27ea1c82a-----54f1d4fdfa470264890adaf27ea1c82a, 32
2016/06/06 19:03:50:148907 [DEBUG] h1:54f1d4fdfa470264890adaf27ea1c82a, -1
2016/06/06 19:03:50:148926 [DEBUG] ret_str_unformat: {"ret":true,"info":{"md5":"54f1d4fdfa470264890adaf27ea1c82a"}}
2016/06/06 19:03:50:148944 [DEBUG] h2
2016/06/06 19:03:50:148967 [DEBUG] ============test DONE!===============
2016/06/06 19:03:50:149005 [DEBUG] h3
2016/06/06 19:03:50:468231 [DEBUG] Method: 2
2016/06/06 19:03:50:468295 [DEBUG] rules: 0x23394c0
2016/06/06 19:03:50:468315 [DEBUG] addr: 0
2016/06/06 19:03:50:468330 [DEBUG] rules->value->addr: 1862379712
2016/06/06 19:03:50:468356 [DEBUG] rules->value->mask: -1
2016/06/06 19:03:50:468383 [DEBUG] addr: 0
2016/06/06 19:03:50:468398 [DEBUG] rules->value->addr: 764096
2016/06/06 19:03:50:468413 [DEBUG] rules->value->mask: 16777215
2016/06/06 19:03:50:468428 [DEBUG] addr: 0
2016/06/06 19:03:50:468442 [DEBUG] rules->value->addr: 0
2016/06/06 19:03:50:468456 [DEBUG] rules->value->mask: -1
2016/06/06 19:03:50:468492 [DEBUG] access check: 0
2016/06/06 19:03:50:468516 [DEBUG] evblen = 79
2016/06/06 19:03:50:468535 [DEBUG] rmblen = 79
2016/06/06 19:03:50:468555 [DEBUG] h1:54f1d4fdfa470264890adaf27ea1c82a, 54f1d4fdfa470264890adaf27ea1c82a-----54f1d4fdfa470264890adaf27ea1c82a, 32
2016/06/06 19:03:50:468593 [DEBUG] h1:54f1d4fdfa470264890adaf27ea1c82a, -1
2016/06/06 19:03:50:468612 [DEBUG] ret_str_unformat: {"ret":true,"info":{"md5":"54f1d4fdfa470264890adaf27ea1c82a"}}
2016/06/06 19:03:50:468639 [DEBUG] h2
2016/06/06 19:03:50:468664 [DEBUG] ============test DONE!===============
2016/06/06 19:03:50:468691 [DEBUG] h3
2016/06/06 19:03:50:768678 [DEBUG] Method: 2
2016/06/06 19:03:50:768770 [DEBUG] rules: 0x23394c0
2016/06/06 19:03:50:768789 [DEBUG] addr: 0
2016/06/06 19:03:50:768815 [DEBUG] rules->value->addr: 1862379712
2016/06/06 19:03:50:768842 [DEBUG] rules->value->mask: -1
2016/06/06 19:03:50:768857 [DEBUG] addr: 0
2016/06/06 19:03:50:768872 [DEBUG] rules->value->addr: 764096
2016/06/06 19:03:50:768886 [DEBUG] rules->value->mask: 16777215
2016/06/06 19:03:50:768900 [DEBUG] addr: 0
2016/06/06 19:03:50:768914 [DEBUG] rules->value->addr: 0
2016/06/06 19:03:50:768929 [DEBUG] rules->value->mask: -1
2016/06/06 19:03:50:768944 [DEBUG] access check: 0
2016/06/06 19:03:50:768961 [DEBUG] evblen = 79
2016/06/06 19:03:50:768977 [DEBUG] rmblen = 79
2016/06/06 19:03:50:769017 [DEBUG] h1:54f1d4fdfa470264890adaf27ea1c82a, 54f1d4fdfa470264890adaf27ea1c82a-----54f1d4fdfa470264890adaf27ea1c82a, 32
2016/06/06 19:03:50:769033 [DEBUG] h1:54f1d4fdfa470264890adaf27ea1c82a, -1
2016/06/06 19:03:50:769051 [DEBUG] ret_str_unformat: {"ret":true,"info":{"md5":"54f1d4fdfa470264890adaf27ea1c82a"}}
2016/06/06 19:03:50:769069 [DEBUG] h2
2016/06/06 19:03:50:769091 [DEBUG] ============test DONE!===============
2016/06/06 19:03:50:769130 [DEBUG] h3
2016/06/06 19:03:51:013930 [DEBUG] Method: 2
2016/06/06 19:03:51:013994 [DEBUG] rules: 0x23394c0
2016/06/06 19:03:51:014013 [DEBUG] addr: 0
2016/06/06 19:03:51:014029 [DEBUG] rules->value->addr: 1862379712
2016/06/06 19:03:51:014043 [DEBUG] rules->value->mask: -1
2016/06/06 19:03:51:014058 [DEBUG] addr: 0
2016/06/06 19:03:51:014074 [DEBUG] rules->value->addr: 764096
2016/06/06 19:03:51:014089 [DEBUG] rules->value->mask: 16777215
2016/06/06 19:03:51:014105 [DEBUG] addr: 0
2016/06/06 19:03:51:014120 [DEBUG] rules->value->addr: 0
2016/06/06 19:03:51:014135 [DEBUG] rules->value->mask: -1
2016/06/06 19:03:51:014150 [DEBUG] access check: 0
2016/06/06 19:03:51:014167 [DEBUG] evblen = 79
2016/06/06 19:03:51:014183 [DEBUG] rmblen = 79
2016/06/06 19:03:51:014203 [DEBUG] h1:54f1d4fdfa470264890adaf27ea1c82a, 54f1d4fdfa470264890adaf27ea1c82a-----54f1d4fdfa470264890adaf27ea1c82a, 32
2016/06/06 19:03:51:014219 [DEBUG] h1:54f1d4fdfa470264890adaf27ea1c82a, -1
2016/06/06 19:03:51:014239 [DEBUG] ret_str_unformat: {"ret":true,"info":{"md5":"54f1d4fdfa470264890adaf27ea1c82a"}}
2016/06/06 19:03:51:014257 [DEBUG] h2
2016/06/06 19:03:51:014281 [DEBUG] ============test DONE!===============
2016/06/06 19:03:51:014298 [DEBUG] h3
2016/06/06 19:03:51:245638 [DEBUG] Method: 2
2016/06/06 19:03:51:245717 [DEBUG] rules: 0x23394c0
2016/06/06 19:03:51:245748 [DEBUG] addr: 0
2016/06/06 19:03:51:245777 [DEBUG] rules->value->addr: 1862379712
2016/06/06 19:03:51:245794 [DEBUG] rules->value->mask: -1
2016/06/06 19:03:51:245809 [DEBUG] addr: 0
2016/06/06 19:03:51:245825 [DEBUG] rules->value->addr: 764096
2016/06/06 19:03:51:245841 [DEBUG] rules->value->mask: 16777215
2016/06/06 19:03:51:245855 [DEBUG] addr: 0
2016/06/06 19:03:51:245880 [DEBUG] rules->value->addr: 0
2016/06/06 19:03:51:245907 [DEBUG] rules->value->mask: -1
2016/06/06 19:03:51:245921 [DEBUG] access check: 0
2016/06/06 19:03:51:245947 [DEBUG] evblen = 79
2016/06/06 19:03:51:245975 [DEBUG] rmblen = 79
2016/06/06 19:03:51:245994 [DEBUG] h1:54f1d4fdfa470264890adaf27ea1c82a, 54f1d4fdfa470264890adaf27ea1c82a-----54f1d4fdfa470264890adaf27ea1c82a, 32
2016/06/06 19:03:51:246010 [DEBUG] h1:54f1d4fdfa470264890adaf27ea1c82a, -1
2016/06/06 19:03:51:246029 [DEBUG] ret_str_unformat: {"ret":true,"info":{"md5":"54f1d4fdfa470264890adaf27ea1c82a"}}
2016/06/06 19:03:51:246048 [DEBUG] h2
2016/06/06 19:03:51:246072 [DEBUG] ============test DONE!===============
2016/06/06 19:03:51:246089 [DEBUG] h3
2016/06/06 19:03:51:493613 [DEBUG] Method: 2
2016/06/06 19:03:51:493692 [DEBUG] rules: 0x23394c0
2016/06/06 19:03:51:493721 [DEBUG] addr: 0
2016/06/06 19:03:51:493747 [DEBUG] rules->value->addr: 1862379712
2016/06/06 19:03:51:493773 [DEBUG] rules->value->mask: -1
2016/06/06 19:03:51:493796 [DEBUG] addr: 0
2016/06/06 19:03:51:493812 [DEBUG] rules->value->addr: 764096
2016/06/06 19:03:51:493826 [DEBUG] rules->value->mask: 16777215
2016/06/06 19:03:51:493840 [DEBUG] addr: 0
2016/06/06 19:03:51:493854 [DEBUG] rules->value->addr: 0
2016/06/06 19:03:51:493868 [DEBUG] rules->value->mask: -1
2016/06/06 19:03:51:493882 [DEBUG] access check: 0
2016/06/06 19:03:51:493897 [DEBUG] evblen = 79
2016/06/06 19:03:51:493913 [DEBUG] rmblen = 79
2016/06/06 19:03:51:493930 [DEBUG] h1:54f1d4fdfa470264890adaf27ea1c82a, 54f1d4fdfa470264890adaf27ea1c82a-----54f1d4fdfa470264890adaf27ea1c82a, 32
2016/06/06 19:03:51:493968 [DEBUG] h1:54f1d4fdfa470264890adaf27ea1c82a, -1
2016/06/06 19:03:51:493988 [DEBUG] ret_str_unformat: {"ret":true,"info":{"md5":"54f1d4fdfa470264890adaf27ea1c82a"}}
2016/06/06 19:03:51:494007 [DEBUG] h2
2016/06/06 19:03:51:494029 [DEBUG] ============test DONE!===============
2016/06/06 19:03:51:494067 [DEBUG] h3
2016/06/06 19:03:51:701741 [DEBUG] Method: 2
2016/06/06 19:03:51:701804 [DEBUG] rules: 0x23394c0
2016/06/06 19:03:51:701822 [DEBUG] addr: 0
2016/06/06 19:03:51:701837 [DEBUG] rules->value->addr: 1862379712
2016/06/06 19:03:51:701851 [DEBUG] rules->value->mask: -1
2016/06/06 19:03:51:701866 [DEBUG] addr: 0
2016/06/06 19:03:51:701881 [DEBUG] rules->value->addr: 764096
2016/06/06 19:03:51:701896 [DEBUG] rules->value->mask: 16777215
2016/06/06 19:03:51:701911 [DEBUG] addr: 0
2016/06/06 19:03:51:701926 [DEBUG] rules->value->addr: 0
2016/06/06 19:03:51:701941 [DEBUG] rules->value->mask: -1
2016/06/06 19:03:51:701956 [DEBUG] access check: 0
2016/06/06 19:03:51:701972 [DEBUG] evblen = 79
2016/06/06 19:03:51:701989 [DEBUG] rmblen = 79
2016/06/06 19:03:51:702008 [DEBUG] h1:54f1d4fdfa470264890adaf27ea1c82a, 54f1d4fdfa470264890adaf27ea1c82a-----54f1d4fdfa470264890adaf27ea1c82a, 32
2016/06/06 19:03:51:702024 [DEBUG] h1:54f1d4fdfa470264890adaf27ea1c82a, -1
2016/06/06 19:03:51:702042 [DEBUG] ret_str_unformat: {"ret":true,"info":{"md5":"54f1d4fdfa470264890adaf27ea1c82a"}}
2016/06/06 19:03:51:702061 [DEBUG] h2
2016/06/06 19:03:51:702085 [DEBUG] ============test DONE!===============
2016/06/06 19:03:51:702102 [DEBUG] h3
2016/06/06 19:03:51:885020 [DEBUG] Method: 2
2016/06/06 19:03:51:885097 [DEBUG] rules: 0x23394c0
2016/06/06 19:03:51:885116 [DEBUG] addr: 0
2016/06/06 19:03:51:885132 [DEBUG] rules->value->addr: 1862379712
2016/06/06 19:03:51:885147 [DEBUG] rules->value->mask: -1
2016/06/06 19:03:51:885161 [DEBUG] addr: 0
2016/06/06 19:03:51:885175 [DEBUG] rules->value->addr: 764096
2016/06/06 19:03:51:885190 [DEBUG] rules->value->mask: 16777215
2016/06/06 19:03:51:885204 [DEBUG] addr: 0
2016/06/06 19:03:51:885217 [DEBUG] rules->value->addr: 0
2016/06/06 19:03:51:885232 [DEBUG] rules->value->mask: -1
2016/06/06 19:03:51:885245 [DEBUG] access check: 0
2016/06/06 19:03:51:885260 [DEBUG] evblen = 79
2016/06/06 19:03:51:885277 [DEBUG] rmblen = 79
2016/06/06 19:03:51:885297 [DEBUG] h1:54f1d4fdfa470264890adaf27ea1c82a, 54f1d4fdfa470264890adaf27ea1c82a-----54f1d4fdfa470264890adaf27ea1c82a, 32
2016/06/06 19:03:51:885312 [DEBUG] h1:54f1d4fdfa470264890adaf27ea1c82a, -1
2016/06/06 19:03:51:885331 [DEBUG] ret_str_unformat: {"ret":true,"info":{"md5":"54f1d4fdfa470264890adaf27ea1c82a"}}
2016/06/06 19:03:51:885348 [DEBUG] h2
2016/06/06 19:03:51:885371 [DEBUG] ============test DONE!===============
2016/06/06 19:03:51:885408 [DEBUG] h3
2016/06/06 19:03:52:056661 [DEBUG] Method: 2
2016/06/06 19:03:52:056727 [DEBUG] rules: 0x23394c0
2016/06/06 19:03:52:056757 [DEBUG] addr: 0
2016/06/06 19:03:52:056784 [DEBUG] rules->value->addr: 1862379712
2016/06/06 19:03:52:056812 [DEBUG] rules->value->mask: -1
2016/06/06 19:03:52:056827 [DEBUG] addr: 0
2016/06/06 19:03:52:056841 [DEBUG] rules->value->addr: 764096
2016/06/06 19:03:52:056857 [DEBUG] rules->value->mask: 16777215
2016/06/06 19:03:52:056872 [DEBUG] addr: 0
2016/06/06 19:03:52:056887 [DEBUG] rules->value->addr: 0
2016/06/06 19:03:52:056901 [DEBUG] rules->value->mask: -1
2016/06/06 19:03:52:056915 [DEBUG] access check: 0
2016/06/06 19:03:52:056962 [DEBUG] evblen = 79
2016/06/06 19:03:52:056979 [DEBUG] rmblen = 79
2016/06/06 19:03:52:056999 [DEBUG] h1:54f1d4fdfa470264890adaf27ea1c82a, 54f1d4fdfa470264890adaf27ea1c82a-----54f1d4fdfa470264890adaf27ea1c82a, 32
2016/06/06 19:03:52:057015 [DEBUG] h1:54f1d4fdfa470264890adaf27ea1c82a, -1
2016/06/06 19:03:52:057044 [DEBUG] ret_str_unformat: {"ret":true,"info":{"md5":"54f1d4fdfa470264890adaf27ea1c82a"}}
2016/06/06 19:03:52:057074 [DEBUG] h2
2016/06/06 19:03:52:057098 [DEBUG] ============test DONE!===============
2016/06/06 19:03:52:057116 [DEBUG] h3
2016/06/06 19:03:52:237856 [DEBUG] Method: 2
2016/06/06 19:03:52:237931 [DEBUG] rules: 0x23394c0
2016/06/06 19:03:52:237964 [DEBUG] addr: 0
2016/06/06 19:03:52:237991 [DEBUG] rules->value->addr: 1862379712
2016/06/06 19:03:52:238014 [DEBUG] rules->value->mask: -1
2016/06/06 19:03:52:238038 [DEBUG] addr: 0
2016/06/06 19:03:52:238063 [DEBUG] rules->value->addr: 764096
2016/06/06 19:03:52:238089 [DEBUG] rules->value->mask: 16777215
2016/06/06 19:03:52:238108 [DEBUG] addr: 0
2016/06/06 19:03:52:238137 [DEBUG] rules->value->addr: 0
2016/06/06 19:03:52:238171 [DEBUG] rules->value->mask: -1
2016/06/06 19:03:52:238196 [DEBUG] access check: 0
2016/06/06 19:03:52:238215 [DEBUG] evblen = 79
2016/06/06 19:03:52:238236 [DEBUG] rmblen = 79
2016/06/06 19:03:52:238267 [DEBUG] h1:54f1d4fdfa470264890adaf27ea1c82a, 54f1d4fdfa470264890adaf27ea1c82a-----54f1d4fdfa470264890adaf27ea1c82a, 32
2016/06/06 19:03:52:238284 [DEBUG] h1:54f1d4fdfa470264890adaf27ea1c82a, -1
2016/06/06 19:03:52:238303 [DEBUG] ret_str_unformat: {"ret":true,"info":{"md5":"54f1d4fdfa470264890adaf27ea1c82a"}}
2016/06/06 19:03:52:238331 [DEBUG] h2
2016/06/06 19:03:52:238357 [DEBUG] ============test DONE!===============
2016/06/06 19:03:52:238382 [DEBUG] h3
2016/06/06 19:03:52:405185 [DEBUG] Method: 2
2016/06/06 19:03:52:405245 [DEBUG] rules: 0x23394c0
2016/06/06 19:03:52:405265 [DEBUG] addr: 0
2016/06/06 19:03:52:405281 [DEBUG] rules->value->addr: 1862379712
2016/06/06 19:03:52:405296 [DEBUG] rules->value->mask: -1
2016/06/06 19:03:52:405317 [DEBUG] addr: 0
2016/06/06 19:03:52:405342 [DEBUG] rules->value->addr: 764096
2016/06/06 19:03:52:405367 [DEBUG] rules->value->mask: 16777215
2016/06/06 19:03:52:405393 [DEBUG] addr: 0
2016/06/06 19:03:52:405416 [DEBUG] rules->value->addr: 0
2016/06/06 19:03:52:405436 [DEBUG] rules->value->mask: -1
2016/06/06 19:03:52:405462 [DEBUG] access check: 0
2016/06/06 19:03:52:405490 [DEBUG] evblen = 79
2016/06/06 19:03:52:405523 [DEBUG] rmblen = 79
2016/06/06 19:03:52:405548 [DEBUG] h1:54f1d4fdfa470264890adaf27ea1c82a, 54f1d4fdfa470264890adaf27ea1c82a-----54f1d4fdfa470264890adaf27ea1c82a, 32
2016/06/06 19:03:52:405570 [DEBUG] h1:54f1d4fdfa470264890adaf27ea1c82a, -1
2016/06/06 19:03:52:405600 [DEBUG] ret_str_unformat: {"ret":true,"info":{"md5":"54f1d4fdfa470264890adaf27ea1c82a"}}
2016/06/06 19:03:52:405621 [DEBUG] h2
2016/06/06 19:03:52:405652 [DEBUG] ============test DONE!===============
2016/06/06 19:03:52:405677 [DEBUG] h3
2016/06/06 19:03:52:589682 [DEBUG] Method: 2
2016/06/06 19:03:52:589762 [DEBUG] rules: 0x23394c0
2016/06/06 19:03:52:589794 [DEBUG] addr: 0
2016/06/06 19:03:52:589823 [DEBUG] rules->value->addr: 1862379712
2016/06/06 19:03:52:589840 [DEBUG] rules->value->mask: -1
2016/06/06 19:03:52:589856 [DEBUG] addr: 0
2016/06/06 19:03:52:589871 [DEBUG] rules->value->addr: 764096
2016/06/06 19:03:52:589885 [DEBUG] rules->value->mask: 16777215
2016/06/06 19:03:52:589901 [DEBUG] addr: 0
2016/06/06 19:03:52:589916 [DEBUG] rules->value->addr: 0
2016/06/06 19:03:52:589929 [DEBUG] rules->value->mask: -1
2016/06/06 19:03:52:589943 [DEBUG] access check: 0
2016/06/06 19:03:52:589959 [DEBUG] evblen = 79
2016/06/06 19:03:52:589975 [DEBUG] rmblen = 79
2016/06/06 19:03:52:589995 [DEBUG] h1:54f1d4fdfa470264890adaf27ea1c82a, 54f1d4fdfa470264890adaf27ea1c82a-----54f1d4fdfa470264890adaf27ea1c82a, 32
2016/06/06 19:03:52:590011 [DEBUG] h1:54f1d4fdfa470264890adaf27ea1c82a, -1
2016/06/06 19:03:52:590029 [DEBUG] ret_str_unformat: {"ret":true,"info":{"md5":"54f1d4fdfa470264890adaf27ea1c82a"}}
2016/06/06 19:03:52:590057 [DEBUG] h2
2016/06/06 19:03:52:590082 [DEBUG] ============test DONE!===============
2016/06/06 19:03:52:590100 [DEBUG] h3
2016/06/06 19:03:52:758737 [DEBUG] Method: 2
2016/06/06 19:03:52:758795 [DEBUG] rules: 0x23394c0
2016/06/06 19:03:52:758825 [DEBUG] addr: 0
2016/06/06 19:03:52:758872 [DEBUG] rules->value->addr: 1862379712
2016/06/06 19:03:52:758906 [DEBUG] rules->value->mask: -1
2016/06/06 19:03:52:758930 [DEBUG] addr: 0
2016/06/06 19:03:52:758955 [DEBUG] rules->value->addr: 764096
2016/06/06 19:03:52:758974 [DEBUG] rules->value->mask: 16777215
2016/06/06 19:03:52:758988 [DEBUG] addr: 0
2016/06/06 19:03:52:759007 [DEBUG] rules->value->addr: 0
2016/06/06 19:03:52:759032 [DEBUG] rules->value->mask: -1
2016/06/06 19:03:52:759051 [DEBUG] access check: 0
2016/06/06 19:03:52:759067 [DEBUG] evblen = 79
2016/06/06 19:03:52:759092 [DEBUG] rmblen = 79
2016/06/06 19:03:52:759118 [DEBUG] h1:54f1d4fdfa470264890adaf27ea1c82a, 54f1d4fdfa470264890adaf27ea1c82a-----54f1d4fdfa470264890adaf27ea1c82a, 32
2016/06/06 19:03:52:759143 [DEBUG] h1:54f1d4fdfa470264890adaf27ea1c82a, -1
2016/06/06 19:03:52:759168 [DEBUG] ret_str_unformat: {"ret":true,"info":{"md5":"54f1d4fdfa470264890adaf27ea1c82a"}}
2016/06/06 19:03:52:759194 [DEBUG] h2
2016/06/06 19:03:52:759230 [DEBUG] ============test DONE!===============
2016/06/06 19:03:52:759257 [DEBUG] h3
2016/06/06 19:03:58:385890 [DEBUG] Method: 2
2016/06/06 19:03:58:385963 [DEBUG] rules: 0x23394c0
2016/06/06 19:03:58:385983 [DEBUG] addr: 0
2016/06/06 19:03:58:385999 [DEBUG] rules->value->addr: 1862379712
2016/06/06 19:03:58:386014 [DEBUG] rules->value->mask: -1
2016/06/06 19:03:58:386051 [DEBUG] addr: 0
2016/06/06 19:03:58:386067 [DEBUG] rules->value->addr: 764096
2016/06/06 19:03:58:386082 [DEBUG] rules->value->mask: 16777215
2016/06/06 19:03:58:386097 [DEBUG] addr: 0
2016/06/06 19:03:58:386111 [DEBUG] rules->value->addr: 0
2016/06/06 19:03:58:386124 [DEBUG] rules->value->mask: -1
2016/06/06 19:03:58:386139 [DEBUG] access check: 0
2016/06/06 19:03:58:386155 [DEBUG] evblen = 79
2016/06/06 19:03:58:386172 [DEBUG] rmblen = 79
2016/06/06 19:03:58:386191 [DEBUG] h1:54f1d4fdfa470264890adaf27ea1c82a, 54f1d4fdfa470264890adaf27ea1c82a-----54f1d4fdfa470264890adaf27ea1c82a, 32
2016/06/06 19:03:58:386208 [DEBUG] h1:54f1d4fdfa470264890adaf27ea1c82a, -1
2016/06/06 19:03:58:386228 [DEBUG] ret_str_unformat: {"ret":true,"info":{"md5":"54f1d4fdfa470264890adaf27ea1c82a"}}
2016/06/06 19:03:58:386246 [DEBUG] h2
2016/06/06 19:03:58:386268 [DEBUG] ============test DONE!===============
2016/06/06 19:03:58:386286 [DEBUG] h3
